<?xml version="1.0" encoding="UTF-8"?>
<!-- Generated by org.testng.reporters.JUnitXMLReporter -->
<testsuite ignored="2" hostname="Chinna" failures="1" tests="1" name="ChromeTest(failed)" time="0.047" errors="0" timestamp="2024-10-28T15:43:32 IST">
  <testcase classname="com.EpsonDoms.ProdctTest.ElectronicProductTest" name="addProduct" time="0.016">
    <failure type="java.lang.Error" message="Unresolved compilation problem: 
	This method requires a body instead of a semicolon
">
      <![CDATA[java.lang.Error: Unresolved compilation problem: 
This method requires a body instead of a semicolon

at com.EpsonDoms.ProdctTest.ElectronicProductTest.addProduct(ElectronicProductTest.java:8)
at java.base/java.util.ArrayList.forEach(ArrayList.java:1511)
... Removed 27 stack frames]]>
    </failure>
  </testcase> <!-- addProduct -->
  <testcase classname="com.EpsonDoms.ProdctTest.ElectronicProductTest" name="UpdateProduct" time="0.0">
    <ignored/>
  </testcase> <!-- UpdateProduct -->
  <testcase classname="com.EpsonDoms.ProdctTest.ElectronicProductTest" name="removeProduct" time="0.0">
    <ignored/>
  </testcase> <!-- removeProduct -->
</testsuite> <!-- ChromeTest(failed) -->
