<?xml version="1.0" encoding="UTF-8"?>
<!-- Generated by org.testng.reporters.JUnitXMLReporter -->
<testsuite ignored="0" hostname="Chinna" failures="1" tests="12" name="ChromeTest" time="0.068" errors="0" timestamp="2024-10-28T15:40:59 IST">
  <testcase classname="com.EpsonDoms.ProdctTest.ElectronicProductTest" name="UpdateProduct" time="0.006"/>
  <testcase classname="com.EpsonDoms.ProdctTest.ElectronicProductTest" name="addProduct" time="0.001">
    <failure type="java.lang.Error" message="Unresolved compilation problem: 
	This method requires a body instead of a semicolon
">
      <![CDATA[java.lang.Error: Unresolved compilation problem: 
This method requires a body instead of a semicolon

at com.EpsonDoms.ProdctTest.ElectronicProductTest.addProduct(ElectronicProductTest.java:8)
at java.base/java.util.ArrayList.forEach(ArrayList.java:1511)
... Removed 27 stack frames]]>
    </failure>
  </testcase> <!-- addProduct -->
  <testcase classname="com.EpsonDoms.ProdctTest.ElectronicProductTest" name="removeProduct" time="0.001"/>
  <testcase classname="com.EpsonDoms.ProdctTest.WomensProductTest" name="UpdateProduct" time="0.001"/>
  <testcase classname="com.EpsonDoms.ProdctTest.WomensProductTest" name="addProduct" time="0.001"/>
  <testcase classname="com.EpsonDoms.ProdctTest.WomensProductTest" name="removeProduct" time="0.003"/>
  <testcase classname="com.EpsonDoms.ProdctTest.KidsProductTest" name="UpdateProduct" time="0.001"/>
  <testcase classname="com.EpsonDoms.ProdctTest.KidsProductTest" name="addProduct" time="0.0"/>
  <testcase classname="com.EpsonDoms.ProdctTest.KidsProductTest" name="removeProduct" time="0.001"/>
  <testcase classname="com.EpsonDoms.ProdctTest.MensProductTest" name="UpdateProduct" time="0.001"/>
  <testcase classname="com.EpsonDoms.ProdctTest.MensProductTest" name="addProduct" time="0.001"/>
  <testcase classname="com.EpsonDoms.ProdctTest.MensProductTest" name="removeProduct" time="0.001"/>
</testsuite> <!-- ChromeTest -->
