<?xml version="1.0" encoding="UTF-8"?>
<!-- Generated by org.testng.reporters.JUnitXMLReporter -->
<testsuite ignored="0" hostname="Chinna" failures="0" tests="3" name="ChromeTest" time="24.177" errors="0" timestamp="2024-11-07T08:39:32 IST">
  <testcase classname="com.EpsonDoms.Welcometest.VerifyWelcomePageTest" name="verifyWelcomepageWithValidInput" time="16.903"/>
  <testcase classname="com.EpsonDoms.Welcometest.VerifyWelcomePageTest" name="VerifyWelcomePageWithInValidInput" time="2.315"/>
  <testcase classname="com.EpsonDoms.Welcometest.VerifyWelcomePageTest" name="VerifyWelcomePageWithInValidInput" time="2.498"/>
</testsuite> <!-- ChromeTest -->
