<?xml version="1.0" encoding="UTF-8"?>
<testng-results ignored="0" total="3" passed="3" failed="0" skipped="0">
  <reporter-output>
    <line>
      <![CDATA[step:1.1 Maximized Browser Success]]>
    </line>
    <line>
      <![CDATA[Navigated to the application URL]]>
    </line>
    <line>
      <![CDATA[Execution completed succefully]]>
    </line>
    <line>
      <![CDATA[close the browser success]]>
    </line>
  </reporter-output>
  <suite started-at="2024-11-07T08:39:08 IST" name="Functionality" finished-at="2024-11-07T08:39:32 IST" duration-ms="24177">
    <groups>
    </groups>
    <test started-at="2024-11-07T08:39:08 IST" name="ChromeTest" finished-at="2024-11-07T08:39:32 IST" duration-ms="24177">
      <class name="com.EpsonDoms.Welcometest.VerifyWelcomePageTest">
        <test-method is-config="true" signature="suiteSetup()[pri:0, instance:com.EpsonDoms.Welcometest.VerifyWelcomePageTest@51e69659]" started-at="2024-11-07T08:39:08 IST" name="suiteSetup" finished-at="2024-11-07T08:39:08 IST" duration-ms="203" status="PASS">
          <reporter-output>
          </reporter-output>
        </test-method> <!-- suiteSetup -->
        <test-method is-config="true" signature="browsersetup(java.lang.String,java.lang.String)[pri:0, instance:com.EpsonDoms.Welcometest.VerifyWelcomePageTest@51e69659]" started-at="2024-11-07T08:39:08 IST" name="browsersetup" finished-at="2024-11-07T08:39:10 IST" duration-ms="2054" status="PASS">
          <params>
            <param index="0">
              <value>
                <![CDATA[Chrome]]>
              </value>
            </param>
            <param index="1">
              <value>
                <![CDATA[file:///C:/Eclipse/com.EpsonDoms/src/main/resources/Softwares/webpage.html]]>
              </value>
            </param>
          </params>
          <reporter-output>
            <line>
              <![CDATA[step:1.1 Maximized Browser Success]]>
            </line>
            <line>
              <![CDATA[Navigated to the application URL]]>
            </line>
          </reporter-output>
        </test-method> <!-- browsersetup -->
        <test-method signature="verifyWelcomepageWithValidInput()[pri:1, instance:com.EpsonDoms.Welcometest.VerifyWelcomePageTest@51e69659]" started-at="2024-11-07T08:39:10 IST" name="verifyWelcomepageWithValidInput" finished-at="2024-11-07T08:39:27 IST" duration-ms="16903" status="PASS">
          <reporter-output>
            <line>
              <![CDATA[Execution completed succefully]]>
            </line>
          </reporter-output>
        </test-method> <!-- verifyWelcomepageWithValidInput -->
        <test-method signature="VerifyWelcomePageWithInValidInput()[pri:2, instance:com.EpsonDoms.Welcometest.VerifyWelcomePageTest@51e69659]" started-at="2024-11-07T08:39:27 IST" name="VerifyWelcomePageWithInValidInput" finished-at="2024-11-07T08:39:29 IST" depends-on-methods="com.EpsonDoms.Welcometest.VerifyWelcomePageTest.verifyWelcomepageWithValidInput" duration-ms="2315" status="PASS">
          <reporter-output>
          </reporter-output>
        </test-method> <!-- VerifyWelcomePageWithInValidInput -->
        <test-method signature="VerifyWelcomePageWithInValidInput()[pri:2, instance:com.EpsonDoms.Welcometest.VerifyWelcomePageTest@51e69659]" started-at="2024-11-07T08:39:29 IST" name="VerifyWelcomePageWithInValidInput" finished-at="2024-11-07T08:39:32 IST" depends-on-methods="com.EpsonDoms.Welcometest.VerifyWelcomePageTest.verifyWelcomepageWithValidInput" duration-ms="2498" status="PASS">
          <reporter-output>
          </reporter-output>
        </test-method> <!-- VerifyWelcomePageWithInValidInput -->
        <test-method is-config="true" signature="terminatebrowser()[pri:0, instance:com.EpsonDoms.Welcometest.VerifyWelcomePageTest@51e69659]" started-at="2024-11-07T08:39:32 IST" name="terminatebrowser" finished-at="2024-11-07T08:39:32 IST" duration-ms="376" status="PASS">
          <reporter-output>
            <line>
              <![CDATA[close the browser success]]>
            </line>
          </reporter-output>
        </test-method> <!-- terminatebrowser -->
        <test-method is-config="true" signature="suiteTerminatesetup()[pri:0, instance:com.EpsonDoms.Welcometest.VerifyWelcomePageTest@51e69659]" started-at="2024-11-07T08:39:32 IST" name="suiteTerminatesetup" finished-at="2024-11-07T08:39:32 IST" duration-ms="48" status="PASS">
          <reporter-output>
          </reporter-output>
        </test-method> <!-- suiteTerminatesetup -->
      </class> <!-- com.EpsonDoms.Welcometest.VerifyWelcomePageTest -->
    </test> <!-- ChromeTest -->
  </suite> <!-- Functionality -->
</testng-results>
