<?xml version="1.0" encoding="UTF-8"?>
<!-- Generated by org.testng.reporters.JUnitXMLReporter -->
<testsuite ignored="0" hostname="Chinna" failures="0" tests="6" name="Default test" time="0.477" errors="0" timestamp="2024-11-05T09:31:49 IST">
  <testcase classname="demo.demoTest" name="DemoTesting" time="0.435"/>
  <testcase classname="demo.demoTest" name="demoTesting1" time="0.001"/>
  <testcase classname="demo.demoTest" name="demoTesting2" time="0.001"/>
  <testcase classname="demo.demoTest" name="demoTesting3" time="0.0"/>
  <testcase classname="demo.demoTest" name="demoTesting4" time="0.001"/>
  <testcase classname="demo.demoTest" name="demoTesting5" time="0.0"/>
</testsuite> <!-- Default test -->
